<?xml version="1.0" encoding="UTF-8"?>
<!-- Generated by org.testng.reporters.JUnitXMLReporter -->
<testsuite ignored="1" hostname="HSPLLPTP134" failures="0" tests="1" name="Default test" time="125.766" errors="0" timestamp="2025-06-13T14:57:37 IST">
  <testcase classname="HO_Activity_Credential.ActivityUpload" name="Target_Upload" time="115.571"/>
  <testcase classname="HO_Activity_Credential.ActivityUpload" name="Target_Upload_NS01" time="0.0">
    <ignored/>
  </testcase> <!-- Target_Upload_NS01 -->
</testsuite> <!-- Default test -->
