<?xml version="1.0" encoding="UTF-8"?>
<!-- Generated by org.testng.reporters.JUnitXMLReporter -->
<testsuite ignored="4" hostname="HSPLLPTP61" failures="0" tests="1" name="Default test" time="37.296" errors="0" timestamp="2025-01-16T17:33:28 IST">
  <testcase classname="Demo.HO_FSG_Demo" name="RM_PJPmaster" time="27.1"/>
  <testcase classname="Demo.HO_FSG_Demo" name="FSG_EnterEmailID" time="0.0">
    <ignored/>
  </testcase> <!-- FSG_EnterEmailID -->
  <testcase classname="Demo.HO_FSG_Demo" name="FSG_MasterHomepage1" time="0.0">
    <ignored/>
  </testcase> <!-- FSG_MasterHomepage1 -->
  <testcase classname="Demo.HO_FSG_Demo" name="FSG_MasterHomepage" time="0.0">
    <ignored/>
  </testcase> <!-- FSG_MasterHomepage -->
  <testcase classname="Demo.HO_FSG_Demo" name="FSG_EnterMobileNumber" time="0.0">
    <ignored/>
  </testcase> <!-- FSG_EnterMobileNumber -->
</testsuite> <!-- Default test -->
