<?xml version="1.0" encoding="UTF-8"?>
<!-- Generated by org.testng.reporters.JUnitXMLReporter -->
<testsuite ignored="2" hostname="HSPLLPTP61" failures="0" tests="2" name="Test" time="63.841" errors="0" timestamp="2025-02-19T11:23:02 IST">
  <testcase classname="HO_LoginPage.Login_Credential" name="testloginpage" time="32.743"/>
  <testcase classname="HO_Master_Credential.PM_PM_HSN_Master" name="PM_HSN_MASTER" time="6.582"/>
  <testcase classname="Com_Utility.BaseClass" name="@BeforeSuite Data_Provider" time="0.0">
    <ignored/>
  </testcase> <!-- @BeforeSuite Data_Provider -->
  <testcase classname="Com_Utility.BaseClass" name="@AfterSuite afterSuite" time="0.0">
    <ignored/>
  </testcase> <!-- @AfterSuite afterSuite -->
</testsuite> <!-- Test -->
